<?xml version="1.0" encoding="UTF-8"?>
<!-- Generated by org.testng.reporters.JUnitReportReporter -->
<testsuite skipped="0" hostname="balaji-HP" name="testng1.day2" tests="1" failures="0" timestamp="2021-02-02T19:14:19 IST" time="0.001" errors="0">
  <testcase name="part2" time="0.001" classname="testng1.day2"/>
  <system-out/>
</testsuite> <!-- testng1.day2 -->
