<?xml version="1.0" encoding="UTF-8"?>
<!-- Generated by org.testng.reporters.JUnitReportReporter -->
<testsuite skipped="0" hostname="balaji-HP" name="testng1.day3" tests="4" failures="0" timestamp="2021-02-02T22:18:23 IST" time="0.018" errors="0">
  <testcase name="carloanmobile" time="0.004" classname="testng1.day3"/>
  <system-out/>
  <testcase name="carloansignin" time="0.002" classname="testng1.day3"/>
  <system-out/>
  <testcase name="carloanapi" time="0.002" classname="testng1.day3"/>
  <system-out/>
  <testcase name="carTImeout" time="0.010" classname="testng1.day3"/>
  <system-out/>
</testsuite> <!-- testng1.day3 -->
