<?xml version="1.0" encoding="UTF-8"?>
<!-- Generated by org.testng.reporters.JUnitReportReporter -->
<testsuite skipped="1" hostname="balaji-HP" name="testng1.day4" tests="5" failures="0" timestamp="2021-02-02T19:14:19 IST" time="0.008" errors="0">
  <testcase name="groupmobile" time="0.002" classname="testng1.day4"/>
  <system-out/>
  <testcase name="homeloanapi" time="0.002" classname="testng1.day4"/>
  <system-out/>
  <testcase name="grouphomeloanmobile" time="0.002" classname="testng1.day4"/>
  <system-out/>
  <testcase name="homeloansignin" time="0.002" classname="testng1.day4"/>
  <system-out/>
  <testcase name="grouploanmobile" classname="testng1.day4">
    <skipped/>
  </testcase> <!-- grouploanmobile -->
  <system-out/>
</testsuite> <!-- testng1.day4 -->
