<?xml version="1.0" encoding="UTF-8"?>
<!-- Generated by org.testng.reporters.JUnitReportReporter -->
<testsuite skipped="0" hostname="balaji-HP" name="day1" tests="2" failures="0" timestamp="2021-02-02T14:59:17 IST" time="0.117" errors="0">
  <testcase name="demo" time="0.104" classname="day1"/>
  <system-out/>
  <testcase name="second" time="0.013" classname="day1"/>
  <system-out/>
</testsuite> <!-- day1 -->
